<?xml version="1.0" encoding="UTF-8"?>
<!-- Generated by org.testng.reporters.JUnitXMLReporter -->
<testsuite hostname="DESKTOP-KMQCVAG" ignored="0" name="Default test" tests="7" failures="0" timestamp="07 Jul 2018 03:51:38 GMT" time="11.304" errors="0">
  <testcase name="getSum" time="1.475" classname="olympicsMedals.OlympicsMedalsTesting"/>
  <testcase name="theMost" time="1.661" classname="olympicsMedals.OlympicsMedalsTesting"/>
  <testcase name="sortTest1" time="0.217" classname="olympicsMedals.OlympicsMedalsTesting"/>
  <testcase name="sortTest2" time="0.316" classname="olympicsMedals.OlympicsMedalsTesting"/>
  <testcase name="country18silver" time="0.251" classname="olympicsMedals.OlympicsMedalsTesting"/>
  <testcase name="testJapan" time="0.384" classname="olympicsMedals.OlympicsMedalsTesting"/>
  <testcase name="sortTest3" time="0.327" classname="olympicsMedals.OlympicsMedalsTesting"/>
</testsuite> <!-- Default test -->
